want=A got=A
want=B got=A
want=A got=C
want=A got=A
want=B got=B
want=B got=B
want=B got=C
want=B got=C
want=B got=C
want=B got=C
want=B got=B
want=A got=C
want=B got=C
want=B got=B
want=B got=C
want=B got=C
want=A got=C
want=A got=C
want=B got=B
want=B got=B
want=A got=C
want=B got=C
want=B got=C
want=B got=B
want=B got=B
want=B got=C
want=A got=A
want=A got=C
want=B got=B
want=B got=B
want=B got=C
want=B got=B
want=B got=B
want=B got=B
want=A got=C
want=A got=C
want=A got=C
want=A got=A
want=B got=C
want=A got=C
want=B got=B
want=B got=C
want=B got=B
want=A got=C
want=B got=B
want=B got=A
want=A got=C
want=B got=B
want=A got=C
want=B got=C
want=B got=B
want=A got=C
want=B got=B
want=A got=B
want=B got=B
want=A got=B
want=B got=C
want=A got=A
want=A got=C
want=B got=C
want=A got=A
want=B got=B
want=B got=B
want=B got=B
want=B got=B
want=B got=C
want=B got=C
want=B got=C
want=B got=B
want=A got=A
want=B got=A
want=B got=C
want=B got=C
want=B got=C
want=A got=C
want=B got=B
want=A got=C
want=B got=B
want=B got=A
want=B got=B
want=A got=A
want=B got=C
want=A got=C
want=B got=C
want=B got=B
want=B got=A
want=B got=C
want=B got=A
want=B got=B
want=B got=A
want=B got=C
want=B got=B
want=B got=B
want=A got=C
want=B got=C
want=B got=B
want=A got=A
want=B got=C
want=B got=B
want=B got=B
want=B got=C
want=B got=C
want=B got=B
want=B got=C
want=B got=C
Label=A Precision=9/16 Recall=3/10
Label=B Precision=18/19 Recall=12/25
Label=C Precision=0 Recall=0
