P(C=T) = [9/16]
P(A0=1.0 | C=T) = 2/9
P(A1=2.0 | C=T) = 2/9
P(A2=2.0 | C=T) = 2/9
NB(C=T) = 0.006172839506172839
P(C=F) = [7/16]
P(A0=1.0 | C=F) = 2/7
P(A1=2.0 | C=F) = 2/7
P(A2=2.0 | C=F) = 1/7
NB(C=F) = 0.00510204081632653
fail: got "T" != want "F"
P(C=T) = [9/16]
P(A0=2.0 | C=T) = 1/3
P(A1=1.0 | C=T) = 1/3
P(A2=2.0 | C=T) = 2/9
NB(C=T) = 0.013888888888888888
P(C=F) = [7/16]
P(A0=2.0 | C=F) = 1/7
P(A1=1.0 | C=F) = 1/7
P(A2=2.0 | C=F) = 1/7
NB(C=F) = 0.0012755102040816326
match: got "T" != want "T"
Label=F Precision=0 Recall=0
Label=T Precision=1/2 Recall=1
