P(C=T) = [3/4]
P(A0=1.0 | C=T) = 1/3
P(A1=2.0 | C=T) = 1/3
P(A2=2.0 | C=T) = 1/3
NB(C=T) = 0.027777777777777776
P(C=F) = [1/4]
P(A0=1.0 | C=F) = 1
P(A1=2.0 | C=F) = 1
P(A2=2.0 | C=F) = 0
NB(C=F) = 0.0
fail: got "T" != want "F"
P(C=T) = [3/4]
P(A0=2.0 | C=T) = 2/3
P(A1=1.0 | C=T) = 2/3
P(A2=2.0 | C=T) = 1/3
NB(C=T) = 0.1111111111111111
P(C=F) = [1/4]
P(A0=2.0 | C=F) = 0
P(A1=1.0 | C=F) = 0
P(A2=2.0 | C=F) = 0
NB(C=F) = 0.0
match: got "T" != want "T"
Label=F Precision=0 Recall=0
Label=T Precision=1/2 Recall=1
