P(C=1) = [4/15]
P(A0=1.0 | C=1) = 17/32
P(A1=1.0 | C=1) = 17/32
P(A2=1.0 | C=1) = 3/8
NB(C=1) = 0.02822265625
P(C=2) = [23/60]
P(A0=1.0 | C=2) = 5/23
P(A1=1.0 | C=2) = 11/23
P(A2=1.0 | C=2) = 9/23
NB(C=2) = 0.015595463137996219
P(C=3) = [7/20]
P(A0=1.0 | C=3) = 17/42
P(A1=1.0 | C=3) = 11/21
P(A2=1.0 | C=3) = 2/7
NB(C=3) = 0.021201814058956915
match: got "1" != want "1"
P(C=1) = [4/15]
P(A0=1.0 | C=1) = 17/32
P(A1=1.0 | C=1) = 17/32
P(A2=2.0 | C=1) = 3/8
NB(C=1) = 0.02822265625
P(C=2) = [23/60]
P(A0=1.0 | C=2) = 5/23
P(A1=1.0 | C=2) = 11/23
P(A2=2.0 | C=2) = 10/23
NB(C=2) = 0.017328292375551356
P(C=3) = [7/20]
P(A0=1.0 | C=3) = 17/42
P(A1=1.0 | C=3) = 11/21
P(A2=2.0 | C=3) = 11/21
NB(C=3) = 0.03886999244142101
fail: got "3" != want "2"
P(C=1) = [4/15]
P(A0=1.0 | C=1) = 17/32
P(A1=2.0 | C=1) = 7/32
P(A2=1.0 | C=1) = 3/8
NB(C=1) = 0.01162109375
P(C=2) = [23/60]
P(A0=1.0 | C=2) = 5/23
P(A1=2.0 | C=2) = 8/23
P(A2=1.0 | C=2) = 9/23
NB(C=2) = 0.011342155009451797
P(C=3) = [7/20]
P(A0=1.0 | C=3) = 17/42
P(A1=2.0 | C=3) = 2/7
P(A2=1.0 | C=3) = 2/7
NB(C=3) = 0.011564625850340135
fail: got "1" != want "3"
P(C=1) = [4/15]
P(A0=1.0 | C=1) = 17/32
P(A1=2.0 | C=1) = 7/32
P(A2=2.0 | C=1) = 3/8
NB(C=1) = 0.01162109375
P(C=2) = [23/60]
P(A0=1.0 | C=2) = 5/23
P(A1=2.0 | C=2) = 8/23
P(A2=2.0 | C=2) = 10/23
NB(C=2) = 0.01260239445494644
P(C=3) = [7/20]
P(A0=1.0 | C=3) = 17/42
P(A1=2.0 | C=3) = 2/7
P(A2=2.0 | C=3) = 11/21
NB(C=3) = 0.021201814058956915
fail: got "3" != want "1"
P(C=1) = [4/15]
P(A0=2.0 | C=1) = 7/32
P(A1=1.0 | C=1) = 17/32
P(A2=1.0 | C=1) = 3/8
NB(C=1) = 0.01162109375
P(C=2) = [23/60]
P(A0=2.0 | C=2) = 14/23
P(A1=1.0 | C=2) = 11/23
P(A2=1.0 | C=2) = 9/23
NB(C=2) = 0.04366729678638941
P(C=3) = [7/20]
P(A0=2.0 | C=3) = 17/42
P(A1=1.0 | C=3) = 11/21
P(A2=1.0 | C=3) = 2/7
NB(C=3) = 0.021201814058956915
match: got "2" != want "2"
P(C=1) = [4/15]
P(A0=2.0 | C=1) = 7/32
P(A1=1.0 | C=1) = 17/32
P(A2=2.0 | C=1) = 3/8
NB(C=1) = 0.01162109375
P(C=2) = [23/60]
P(A0=2.0 | C=2) = 14/23
P(A1=1.0 | C=2) = 11/23
P(A2=2.0 | C=2) = 10/23
NB(C=2) = 0.048519218651543794
P(C=3) = [7/20]
P(A0=2.0 | C=3) = 17/42
P(A1=1.0 | C=3) = 11/21
P(A2=2.0 | C=3) = 11/21
NB(C=3) = 0.03886999244142101
fail: got "2" != want "3"
P(C=1) = [4/15]
P(A0=2.0 | C=1) = 7/32
P(A1=2.0 | C=1) = 7/32
P(A2=1.0 | C=1) = 3/8
NB(C=1) = 0.00478515625
P(C=2) = [23/60]
P(A0=2.0 | C=2) = 14/23
P(A1=2.0 | C=2) = 8/23
P(A2=1.0 | C=2) = 9/23
NB(C=2) = 0.03175803402646503
P(C=3) = [7/20]
P(A0=2.0 | C=3) = 17/42
P(A1=2.0 | C=3) = 2/7
P(A2=1.0 | C=3) = 2/7
NB(C=3) = 0.011564625850340135
fail: got "2" != want "1"
P(C=1) = [4/15]
P(A0=2.0 | C=1) = 7/32
P(A1=2.0 | C=1) = 7/32
P(A2=2.0 | C=1) = 3/8
NB(C=1) = 0.00478515625
P(C=2) = [23/60]
P(A0=2.0 | C=2) = 14/23
P(A1=2.0 | C=2) = 8/23
P(A2=2.0 | C=2) = 10/23
NB(C=2) = 0.03528670447385003
P(C=3) = [7/20]
P(A0=2.0 | C=3) = 17/42
P(A1=2.0 | C=3) = 2/7
P(A2=2.0 | C=3) = 11/21
NB(C=3) = 0.021201814058956915
match: got "2" != want "2"
Label=1 Precision=1/2 Recall=1/3
Label=2 Precision=1/2 Recall=2/3
Label=3 Precision=0 Recall=0
