P(C=1) = [13/51]
P(A0=1.0 | C=1) = 8/13
P(A1=1.0 | C=1) = 8/13
P(A2=1.0 | C=1) = 11/26
NB(C=1) = 0.040840004640909616
P(C=2) = [20/51]
P(A0=1.0 | C=2) = 9/40
P(A1=1.0 | C=2) = 21/40
P(A2=1.0 | C=2) = 17/40
NB(C=2) = 0.0196875
P(C=3) = [6/17]
P(A0=1.0 | C=3) = 4/9
P(A1=1.0 | C=3) = 7/12
P(A2=1.0 | C=3) = 11/36
NB(C=3) = 0.02795933188090051
match: got "1" != want "1"
P(C=1) = [13/51]
P(A0=1.0 | C=1) = 8/13
P(A1=1.0 | C=1) = 8/13
P(A2=2.0 | C=1) = 11/26
NB(C=1) = 0.040840004640909616
P(C=2) = [20/51]
P(A0=1.0 | C=2) = 9/40
P(A1=1.0 | C=2) = 21/40
P(A2=2.0 | C=2) = 19/40
NB(C=2) = 0.022003676470588235
P(C=3) = [6/17]
P(A0=1.0 | C=3) = 4/9
P(A1=1.0 | C=3) = 7/12
P(A2=2.0 | C=3) = 7/12
NB(C=3) = 0.05337690631808279
fail: got "3" != want "2"
P(C=1) = [13/51]
P(A0=1.0 | C=1) = 8/13
P(A1=2.0 | C=1) = 3/13
P(A2=1.0 | C=1) = 11/26
NB(C=1) = 0.015315001740341106
P(C=2) = [20/51]
P(A0=1.0 | C=2) = 9/40
P(A1=2.0 | C=2) = 3/8
P(A2=1.0 | C=2) = 17/40
NB(C=2) = 0.0140625
P(C=3) = [6/17]
P(A0=1.0 | C=3) = 4/9
P(A1=2.0 | C=3) = 11/36
P(A2=1.0 | C=3) = 11/36
NB(C=3) = 0.014645364318566933
fail: got "1" != want "3"
P(C=1) = [13/51]
P(A0=1.0 | C=1) = 8/13
P(A1=2.0 | C=1) = 3/13
P(A2=2.0 | C=1) = 11/26
NB(C=1) = 0.015315001740341106
P(C=2) = [20/51]
P(A0=1.0 | C=2) = 9/40
P(A1=2.0 | C=2) = 3/8
P(A2=2.0 | C=2) = 19/40
NB(C=2) = 0.015716911764705882
P(C=3) = [6/17]
P(A0=1.0 | C=3) = 4/9
P(A1=2.0 | C=3) = 11/36
P(A2=2.0 | C=3) = 7/12
NB(C=3) = 0.02795933188090051
fail: got "3" != want "1"
P(C=1) = [13/51]
P(A0=2.0 | C=1) = 3/13
P(A1=1.0 | C=1) = 8/13
P(A2=1.0 | C=1) = 11/26
NB(C=1) = 0.015315001740341106
P(C=2) = [20/51]
P(A0=2.0 | C=2) = 27/40
P(A1=1.0 | C=2) = 21/40
P(A2=1.0 | C=2) = 17/40
NB(C=2) = 0.0590625
P(C=3) = [6/17]
P(A0=2.0 | C=3) = 4/9
P(A1=1.0 | C=3) = 7/12
P(A2=1.0 | C=3) = 11/36
NB(C=3) = 0.02795933188090051
match: got "2" != want "2"
P(C=1) = [13/51]
P(A0=2.0 | C=1) = 3/13
P(A1=1.0 | C=1) = 8/13
P(A2=2.0 | C=1) = 11/26
NB(C=1) = 0.015315001740341106
P(C=2) = [20/51]
P(A0=2.0 | C=2) = 27/40
P(A1=1.0 | C=2) = 21/40
P(A2=2.0 | C=2) = 19/40
NB(C=2) = 0.0660110294117647
P(C=3) = [6/17]
P(A0=2.0 | C=3) = 4/9
P(A1=1.0 | C=3) = 7/12
P(A2=2.0 | C=3) = 7/12
NB(C=3) = 0.05337690631808279
fail: got "2" != want "3"
P(C=1) = [13/51]
P(A0=2.0 | C=1) = 3/13
P(A1=2.0 | C=1) = 3/13
P(A2=1.0 | C=1) = 11/26
NB(C=1) = 0.005743125652627915
P(C=2) = [20/51]
P(A0=2.0 | C=2) = 27/40
P(A1=2.0 | C=2) = 3/8
P(A2=1.0 | C=2) = 17/40
NB(C=2) = 0.0421875
P(C=3) = [6/17]
P(A0=2.0 | C=3) = 4/9
P(A1=2.0 | C=3) = 11/36
P(A2=1.0 | C=3) = 11/36
NB(C=3) = 0.014645364318566933
fail: got "2" != want "1"
P(C=1) = [13/51]
P(A0=2.0 | C=1) = 3/13
P(A1=2.0 | C=1) = 3/13
P(A2=2.0 | C=1) = 11/26
NB(C=1) = 0.005743125652627915
P(C=2) = [20/51]
P(A0=2.0 | C=2) = 27/40
P(A1=2.0 | C=2) = 3/8
P(A2=2.0 | C=2) = 19/40
NB(C=2) = 0.047150735294117646
P(C=3) = [6/17]
P(A0=2.0 | C=3) = 4/9
P(A1=2.0 | C=3) = 11/36
P(A2=2.0 | C=3) = 7/12
NB(C=3) = 0.02795933188090051
match: got "2" != want "2"
Label=1 Precision=1/2 Recall=1/3
Label=2 Precision=1/2 Recall=2/3
Label=3 Precision=0 Recall=0
