P(C=1) = [5/21]
P(A0=1.0 | C=1) = 3/4
P(A1=1.0 | C=1) = 3/4
P(A2=1.0 | C=1) = 1/2
NB(C=1) = 0.06696428571428571
P(C=2) = [17/42]
P(A0=1.0 | C=2) = 4/17
P(A1=1.0 | C=2) = 10/17
P(A2=1.0 | C=2) = 8/17
NB(C=2) = 0.026363486571099028
P(C=3) = [5/14]
P(A0=1.0 | C=3) = 1/2
P(A1=1.0 | C=3) = 2/3
P(A2=1.0 | C=3) = 1/3
NB(C=3) = 0.03968253968253968
match: got "1" != want "1"
P(C=1) = [5/21]
P(A0=1.0 | C=1) = 3/4
P(A1=1.0 | C=1) = 3/4
P(A2=2.0 | C=1) = 1/2
NB(C=1) = 0.06696428571428571
P(C=2) = [17/42]
P(A0=1.0 | C=2) = 4/17
P(A1=1.0 | C=2) = 10/17
P(A2=2.0 | C=2) = 9/17
NB(C=2) = 0.029658922392486405
P(C=3) = [5/14]
P(A0=1.0 | C=3) = 1/2
P(A1=1.0 | C=3) = 2/3
P(A2=2.0 | C=3) = 2/3
NB(C=3) = 0.07936507936507936
fail: got "3" != want "2"
P(C=1) = [5/21]
P(A0=1.0 | C=1) = 3/4
P(A1=2.0 | C=1) = 1/4
P(A2=1.0 | C=1) = 1/2
NB(C=1) = 0.022321428571428572
P(C=2) = [17/42]
P(A0=1.0 | C=2) = 4/17
P(A1=2.0 | C=2) = 7/17
P(A2=1.0 | C=2) = 8/17
NB(C=2) = 0.01845444059976932
P(C=3) = [5/14]
P(A0=1.0 | C=3) = 1/2
P(A1=2.0 | C=3) = 1/3
P(A2=1.0 | C=3) = 1/3
NB(C=3) = 0.01984126984126984
fail: got "1" != want "3"
P(C=1) = [5/21]
P(A0=1.0 | C=1) = 3/4
P(A1=2.0 | C=1) = 1/4
P(A2=2.0 | C=1) = 1/2
NB(C=1) = 0.022321428571428572
P(C=2) = [17/42]
P(A0=1.0 | C=2) = 4/17
P(A1=2.0 | C=2) = 7/17
P(A2=2.0 | C=2) = 9/17
NB(C=2) = 0.020761245674740483
P(C=3) = [5/14]
P(A0=1.0 | C=3) = 1/2
P(A1=2.0 | C=3) = 1/3
P(A2=2.0 | C=3) = 2/3
NB(C=3) = 0.03968253968253968
fail: got "3" != want "1"
P(C=1) = [5/21]
P(A0=2.0 | C=1) = 1/4
P(A1=1.0 | C=1) = 3/4
P(A2=1.0 | C=1) = 1/2
NB(C=1) = 0.022321428571428572
P(C=2) = [17/42]
P(A0=2.0 | C=2) = 13/17
P(A1=1.0 | C=2) = 10/17
P(A2=1.0 | C=2) = 8/17
NB(C=2) = 0.08568133135607184
P(C=3) = [5/14]
P(A0=2.0 | C=3) = 1/2
P(A1=1.0 | C=3) = 2/3
P(A2=1.0 | C=3) = 1/3
NB(C=3) = 0.03968253968253968
match: got "2" != want "2"
P(C=1) = [5/21]
P(A0=2.0 | C=1) = 1/4
P(A1=1.0 | C=1) = 3/4
P(A2=2.0 | C=1) = 1/2
NB(C=1) = 0.022321428571428572
P(C=2) = [17/42]
P(A0=2.0 | C=2) = 13/17
P(A1=1.0 | C=2) = 10/17
P(A2=2.0 | C=2) = 9/17
NB(C=2) = 0.09639149777558081
P(C=3) = [5/14]
P(A0=2.0 | C=3) = 1/2
P(A1=1.0 | C=3) = 2/3
P(A2=2.0 | C=3) = 2/3
NB(C=3) = 0.07936507936507936
fail: got "2" != want "3"
P(C=1) = [5/21]
P(A0=2.0 | C=1) = 1/4
P(A1=2.0 | C=1) = 1/4
P(A2=1.0 | C=1) = 1/2
NB(C=1) = 0.00744047619047619
P(C=2) = [17/42]
P(A0=2.0 | C=2) = 13/17
P(A1=2.0 | C=2) = 7/17
P(A2=1.0 | C=2) = 8/17
NB(C=2) = 0.05997693194925029
P(C=3) = [5/14]
P(A0=2.0 | C=3) = 1/2
P(A1=2.0 | C=3) = 1/3
P(A2=1.0 | C=3) = 1/3
NB(C=3) = 0.01984126984126984
fail: got "2" != want "1"
P(C=1) = [5/21]
P(A0=2.0 | C=1) = 1/4
P(A1=2.0 | C=1) = 1/4
P(A2=2.0 | C=1) = 1/2
NB(C=1) = 0.00744047619047619
P(C=2) = [17/42]
P(A0=2.0 | C=2) = 13/17
P(A1=2.0 | C=2) = 7/17
P(A2=2.0 | C=2) = 9/17
NB(C=2) = 0.06747404844290658
P(C=3) = [5/14]
P(A0=2.0 | C=3) = 1/2
P(A1=2.0 | C=3) = 1/3
P(A2=2.0 | C=3) = 2/3
NB(C=3) = 0.03968253968253968
match: got "2" != want "2"
Label=1 Precision=1/2 Recall=1/3
Label=2 Precision=1/2 Recall=2/3
Label=3 Precision=0 Recall=0
